# JRE version: Java(TM) SE Runtime Environment (21.0.2+13) (build 21.0.2+13-LTS-58)
# Java VM: Java HotSpot(TM) 64-Bit Server VM (21.0.2+13-LTS-58, mixed mode, sharing, tiered, compressed oops, compressed class ptrs, g1 gc, bsd-aarch64)
Heap:
 garbage-first heap   total 264192K, used 18149K [0x0000000700000000, 0x0000000800000000)
  region size 2048K, 8 young (16384K), 6 survivors (12288K)
 Metaspace       used 20952K, committed 21376K, reserved 1114112K
  class space    used 2983K, committed 3200K, reserved 1048576K
GC Heap History (6 events):
Event: 3.938 GC heap before
{Heap before GC invocations=0 (full 0):
 garbage-first heap   total 264192K, used 23566K [0x0000000700000000, 0x0000000800000000)
  region size 2048K, 11 young (22528K), 0 survivors (0K)
 Metaspace       used 5787K, committed 6016K, reserved 1114112K
  class space    used 686K, committed 768K, reserved 1048576K
}
Event: 3.942 GC heap after
{Heap after GC invocations=1 (full 0):
 garbage-first heap   total 264192K, used 4006K [0x0000000700000000, 0x0000000800000000)
  region size 2048K, 2 young (4096K), 2 survivors (4096K)
 Metaspace       used 5787K, committed 6016K, reserved 1114112K
  class space    used 686K, committed 768K, reserved 1048576K
}
Event: 6.414 GC heap before
{Heap before GC invocations=1 (full 0):
 garbage-first heap   total 264192K, used 59302K [0x0000000700000000, 0x0000000800000000)
  region size 2048K, 28 young (57344K), 2 survivors (4096K)
 Metaspace       used 14696K, committed 15040K, reserved 1114112K
  class space    used 2071K, committed 2240K, reserved 1048576K
}
Event: 6.420 GC heap after
{Heap after GC invocations=2 (full 0):
 garbage-first heap   total 264192K, used 10429K [0x0000000700000000, 0x0000000800000000)
  region size 2048K, 4 young (8192K), 4 survivors (8192K)
 Metaspace       used 14696K, committed 15040K, reserved 1114112K
  class space    used 2071K, committed 2240K, reserved 1048576K
}
Event: 205.597 GC heap before
{Heap before GC invocations=2 (full 0):
 garbage-first heap   total 264192K, used 157885K [0x0000000700000000, 0x0000000800000000)
  region size 2048K, 76 young (155648K), 4 survivors (8192K)
 Metaspace       used 20948K, committed 21376K, reserved 1114112K
  class space    used 2983K, committed 3200K, reserved 1048576K
}
Event: 205.613 GC heap after
{Heap after GC invocations=3 (full 0):
 garbage-first heap   total 264192K, used 14282K [0x0000000700000000, 0x0000000800000000)
  region size 2048K, 6 young (12288K), 6 survivors (12288K)
 Metaspace       used 20948K, committed 21376K, reserved 1114112K
  class space    used 2983K, committed 3200K, reserved 1048576K
}

